<?xml version="1.0" encoding="UTF-8"?>
<!-- Generated by org.testng.reporters.JUnitXMLReporter -->
<testsuite hostname="WINDELL-6TMRLLH" ignored="0" name="HomePageUploadFileTestTest" tests="1" failures="0" timestamp="10 Sep 2018 00:41:46 GMT" time="3.249" errors="0">
  <testcase name="@BeforeMethod dropboxLogin" time="3.212" classname="com.dropbox.test.HomePageUploadFileTest">
    <failure type="com.dropbox.core.BadRequestException" message="Error in call to API function &amp;quot;users/get_current_account&amp;quot;: Invalid authorization value in HTTP header &amp;quot;Authorization&amp;quot;: &amp;quot;Bearer&amp;quot;.  Expecting &amp;quot;Bearer &amp;lt;oauth2-access-token&amp;gt;&amp;quot;.">
      <![CDATA[com.dropbox.core.BadRequestException: Error in call to API function "users/get_current_account": Invalid authorization value in HTTP header "Authorization": "Bearer".  Expecting "Bearer <oauth2-access-token>".
at com.dropbox.core.DbxRequestUtil.unexpectedStatus(DbxRequestUtil.java:298)
at com.dropbox.core.v2.DbxRawClientV2$1.execute(DbxRawClientV2.java:115)
at com.dropbox.core.v2.DbxRawClientV2.executeRetriable(DbxRawClientV2.java:284)
at com.dropbox.core.v2.DbxRawClientV2.rpcStyle(DbxRawClientV2.java:102)
at com.dropbox.core.v2.users.DbxUserUsersRequests.getCurrentAccount(DbxUserUsersRequests.java:120)
at com.dropbox.base.DropboxAPI.dropBoxAuth(DropboxAPI.java:40)
at com.dropbox.pageObjects.SignupLoginPage.userLoggedIn(SignupLoginPage.java:105)
at com.dropbox.test.HomePageUploadFileTest.dropboxLogin(HomePageUploadFileTest.java:46)
... Removed 28 stack frames]]>
    </failure>
  </testcase> <!-- @BeforeMethod dropboxLogin -->
  <testcase name="@AfterMethod tearDown" time="0.0" classname="com.dropbox.test.HomePageUploadFileTest">
    <skipped/>
  </testcase> <!-- @AfterMethod tearDown -->
  <testcase name="dropboxHome" time="0.0" classname="com.dropbox.test.HomePageUploadFileTest">
    <skipped/>
  </testcase> <!-- dropboxHome -->
</testsuite> <!-- HomePageUploadFileTestTest -->
